0:100  0:100  MemLog inited, TSC freq: 1795920334
0:100  0:000  CPU was calibrated with ACPI PM Timer
0:100  0:000  
0:100  0:000  Now is 17.1.2020,  20:3:58 (GMT)
0:100  0:000  Starting Clover revision: 4934 on American Megatrends EFI
0:100  0:000  Build with: [Args: -mc --no-usb -D NO_GRUB_DRIVERS_EMBEDDED -t XCODE8 | -D DISABLE_USB_SUPPORT -D NO_GRUB_DRIVERS_EMBEDDED --conf=/Users/macman/src/edk2/Conf -D USE_BIOS_BLOCKIO -D USE_LOW_EBDA -a X64 -b RELEASE -t XCODE8 -n 13 | OS: 10.14.4 | XCODE: 10.2.1]
0:100  0:000  SelfDevicePath=PciRoot(0x0)\Pci(0x1F,0x2)\Sata(0x0,0xFFFF,0x0)\HD(1,GPT,18F40662-BE08-478A-8C20-90585D366E9D,0x28,0x64000) @D85F9018
0:100  0:000  SelfDirPath = EFI\CLOVER
0:100  0:000  === [ Get Smbios ] ========================================
0:100  0:000  Type 16 Index = 0
0:100  0:000  Total Memory Slots Count = 4
0:100  0:000  Type 17 Index = 0
0:100  0:000  SmbiosTable.Type17->Speed = 1600MHz
0:100  0:000  SmbiosTable.Type17->Size = 2048MB
0:100  0:000  SmbiosTable.Type17->Bank/Device = BANK 0 ChannelA-DIMM0
0:100  0:000  SmbiosTable.Type17->Vendor = Micron
0:100  0:000  SmbiosTable.Type17->SerialNumber = 00000105
0:100  0:000  SmbiosTable.Type17->PartNumber = V-GeN D3M2GS16B8 
0:100  0:000  Type 17 Index = 1
0:100  0:000  Ignoring insane frequency value 0MHz
0:100  0:000  SmbiosTable.Type17->Speed = 0MHz
0:100  0:000  SmbiosTable.Type17->Size = 0MB
0:100  0:000  SmbiosTable.Type17->Bank/Device = BANK 1 ChannelA-DIMM1
0:100  0:000  SmbiosTable.Type17->Vendor = <null string>
0:100  0:000  SmbiosTable.Type17->SerialNumber = <null string>
0:100  0:000  SmbiosTable.Type17->PartNumber = <null string>
0:100  0:000  Type 17 Index = 2
0:100  0:000  SmbiosTable.Type17->Speed = 1600MHz
0:100  0:000  SmbiosTable.Type17->Size = 2048MB
0:100  0:000  SmbiosTable.Type17->Bank/Device = BANK 2 ChannelB-DIMM0
0:100  0:000  SmbiosTable.Type17->Vendor = Elpida
0:100  0:000  SmbiosTable.Type17->SerialNumber = 00000000
0:100  0:000  SmbiosTable.Type17->PartNumber = [Empty]
0:100  0:000  Type 17 Index = 3
0:100  0:000  Ignoring insane frequency value 0MHz
0:100  0:000  SmbiosTable.Type17->Speed = 0MHz
0:100  0:000  SmbiosTable.Type17->Size = 0MB
0:100  0:000  SmbiosTable.Type17->Bank/Device = BANK 3 ChannelB-DIMM1
0:100  0:000  SmbiosTable.Type17->Vendor = <null string>
0:100  0:000  SmbiosTable.Type17->SerialNumber = <null string>
0:100  0:000  SmbiosTable.Type17->PartNumber = <null string>
0:100  0:000  Boot status=0
0:100  0:000  Running on: 'X451CAP' with board 'X451CAP'
0:100  0:000  === [ GetCPUProperties ] ==================================
0:100  0:000  CPU Vendor = 756E6547 Model=306A9
0:100  0:000   The CPU supported SSE4.1
0:100  0:000  BrandString = Intel(R) Core(TM) i3-3217U CPU @ 1.80GHz
0:100  0:000   The CPU supported turbo
0:100  0:000  MSR 0x35               20004
0:100  0:000  MSR 0xE2 before patch 1E008404
0:100  0:000  MSR 0xE2 is locked, PM patches will be turned on
0:100  0:000  MSR 0xCE              00080813_E0011200
0:100  0:000  corrected FLEX_RATIO = 100000
0:100  0:000  MSR 0x1B0             00000000
0:100  0:000  FSBFrequency = 100 MHz, DMI FSBFrequency = 100 MHz, Corrected FSBFrequency = 100 MHz
0:100  0:000  MaxDiv/MinDiv: 18.0/8
0:100  0:000  Turbo: 18/18/18/18
0:100  0:000  Features: 0xBFEBFBFF
0:100  0:000  Threads: 4
0:100  0:000  Cores: 2
0:100  0:000  FSB: 100 MHz
0:100  0:000  CPU: 1800 MHz
0:100  0:000  TSC: 1800 MHz
0:100  0:000  PIS: 100 MHz
0:100  0:000  ExternalClock: 25 MHz
0:100  0:000  === [ GetDevices ] ========================================
0:100  0:000  PCI (00|00:00.00) : 8086 0154 class=060000
0:100  0:000  PCI (00|00:02.00) : 8086 0166 class=030000
0:100  0:000   - GFX: Model=Intel HD Graphics 4000 (Intel)
0:100  0:000  PCI (00|00:14.00) : 8086 1E31 class=0C0330
0:100  0:000  PCI (00|00:16.00) : 8086 1E3A class=078000
0:100  0:000  PCI (00|00:16.01) : FFFF FFFF class=FFFFFF
0:100  0:000  PCI (00|00:1A.00) : 8086 1E2D class=0C0320
0:100  0:000  PCI (00|00:1B.00) : 8086 1E20 class=040300
0:100  0:000  PCI (00|00:1C.00) : 8086 1E10 class=060400
0:100  0:000  PCI (00|00:1C.01) : 8086 1E12 class=060400
0:100  0:000  PCI (00|02:00.00) : 168C 0032 class=028000
0:100  0:000   - WIFI: Vendor=Atheros
0:100  0:000  PCI (00|00:1C.03) : 8086 1E16 class=060400
0:100  0:000  PCI (00|03:00.00) : 10EC 5286 class=FF0000
0:100  0:000  PCI (00|03:00.02) : 10EC 8136 class=020000
0:100  0:000   - LAN: 0 Vendor=Realtek
0:100  0:000  PCI (00|00:1D.00) : 8086 1E26 class=0C0320
0:100  0:000  PCI (00|00:1F.00) : 8086 1E59 class=060100
0:100  0:000  PCI (00|00:1F.02) : 8086 1E03 class=010601
0:100  0:000  PCI (00|00:1F.03) : 8086 1E22 class=0C0500
0:100  0:000  PCI (00|00:1F.06) : FFFF FFFF class=FFFFFF
0:100  0:000  === [ GetDefaultSettings ] ================================
0:100  0:000  Clover load options size = 0 bytes
0:144  0:043  EFI\CLOVER\config.plist loaded: Success
0:144  0:000  === [ GetListOfThemes ] ===================================
0:183  0:038  - [00]: Mojave
0:196  0:013  - [01]: tonymacx86
0:215  0:018  - [02]: BeautyDark
0:240  0:025  - [03]: clover-theme-minimal-master
0:263  0:022  - [04]: BGM
0:330  0:066  - [05]: RANDOM
0:339  0:009  - [05]: EMBEDDED
0:352  0:012  - [05]: clover-theme-next-black-master
0:358  0:006  === [ Found config plists ] ===============================
0:396  0:038  - config.plist
0:396  0:000  === [ GetEarlyUserSettings ] ==============================
0:396  0:000  timeout set to 5
0:396  0:000  Custom boot CUSTOM_BOOT_DISABLED (0x0)
0:396  0:000  KextsToPatch: 3 requested
0:396  0:000   - [00]: com.apple.driver.usb.AppleUSBXHCI (USB 10.13.6 by PMHeart) :: BinPatch :: data len: 10
0:396  0:000   - [01]: IOAHCIBlockStorage (Enable TRIM for SSD) :: BinPatch :: data len: 11
0:397  0:000   - patch disabled at config
0:397  0:000   - [02]: AppleBacklight (change F%uT%04x to F%uTxxxx in AppleBacklightInjector.kext (credit RehabMan)) :: BinPatch :: data len: 9
0:397  0:000  KernelToPatch: 1 requested
0:397  0:000   - [00]: MSR 0xE2 _xcpm_idle instant reboot(c) Pike R. Alpha :: data len: 8
0:397  0:000  Default theme: Mojave
0:397  0:000  Hiding entries with string Preboot
0:397  0:000  === [ LoadDrivers ] =======================================
0:401  0:004  Loading HFSPlus.efi  status=Success
0:402  0:001   - driver needs connecting
0:402  0:000  Loading PartitionDxe-64.efi  status=Success
0:403  0:001   - driver needs connecting
0:403  0:000  Loading AppleImageCodec-64.efi  status=Success
0:405  0:001  Loading AppleUITheme-64.efi  status=Success
0:406  0:001  Loading DataHubDxe-64.efi  status=Success
0:433  0:027  Loading AppleKeyAggregator-64.efi  status=Success
0:435  0:001  Loading CsmVideoDxe.efi  status=Success
0:436  0:001   - driver needs connecting
0:436  0:000  Loading FSInject-64.efi  status=Success
0:437  0:001  Loading FirmwareVolume-64.efi  status=Success
0:438  0:001  Loading ApfsDriverLoader-64.efi  status=Success
0:439  0:001   - driver needs connecting
0:439  0:000  Loading SMCHelper-64.efi  status=Success
0:441  0:001  Loading AptioMemoryFix-64.efi  status=Success
0:442  0:001  Loading NTFS.EFI  status=Success
0:448  0:006   - driver needs connecting
0:448  0:000  5 drivers needs connecting ...
0:448  0:000  PlatformDriverOverrideProtocol->GetDriver overriden
0:448  0:000  Partition driver loaded: CD disconnect Success
0:448  0:000  HFS+ driver loaded
0:448  0:000  APFS driver loaded
0:448  0:000  Video driver loaded: disconnect Success
0:564  0:115  Searching for invalid DiskIo BY_DRIVER connects: not found, all ok
0:586  0:022  CsmVideoDriverBindingStart
0:586  0:000  Controller is [030000]
0:586  0:000  Check for VBE
0:598  0:012   found Detail Timing 1366x768
0:598  0:000  timing string after 0xFE:N140BGE-L22
 
0:598  0:000  timing string after 0xFE:CMN
         
0:598  0:000  timing string after 0xFE:N140BGE-L22
 
0:599  0:000    0 1024x768 attr=9B - ok, edid-, 1024x768, working, highest, pref=0
0:599  0:000    1 640x480 attr=9B - ok, edid-, 640x480, working
0:599  0:000    2 800x600 attr=9B - ok, edid-, 800x600, working
0:599  0:000    3 1366x768 attr=9B - ok, edid+, working, highest, pref=3
0:599  0:000  CsmVideo: New mode: 3 1366x768 - set
0:754  0:154   - SetMode pref 3 (3) = Success
0:754  0:000  CsmVideoCheckForVbe - Success
0:754  0:000  CsmVideoDriverBindingStart end Success
0:754  0:000  CsmVideo: New mode: 2 800x600 - blocking that switch
0:754  0:000  CsmVideo: New mode: 2 800x600 - blocking that switch
0:755  0:000  CsmVideo: New mode: 1 640x480 - blocking that switch
1:372  0:617  === [ InitScreen ] ========================================
1:372  0:000  Console modes reported: 4, available modes:
1:372  0:000   - [01]: 80x25
1:372  0:000   - [03]: 100x31 (current mode)
1:372  0:000   - [04]: 128x40
1:372  0:000  SetScreenResolution: 1366x768 - already set
1:372  0:000  SetScreenResolution: 1366x768 - already set
1:372  0:000  reinit: self device path=PciRoot(0x0)\Pci(0x1F,0x2)\Sata(0x0,0xFFFF,0x0)\HD(1,GPT,18F40662-BE08-478A-8C20-90585D366E9D,0x28,0x64000)
1:372  0:000  === [ GetMacAddress ] =====================================
1:372  0:000   get legacy LAN MAC, 1 card found
1:372  0:000  Legacy MAC address of LAN #0= D8:50:E6:F1:83:4D:
1:372  0:000  === [ ScanSPD ] ===========================================
1:372  0:000  Scanning SMBus [8086:1E22], mmio: 0xF7E15004, ioport: 0xF040, hostc: 0x1
1:391  0:018  Slot: 0 Type 24 2048MB 1600MHz Vendor=Micron Technology PartNo=V-GeND3M2GS16B8 SerialNo=0000000000010005
1:392  0:000  === [ GetAcpiTablesList ] =================================
1:392  0:000  Get Acpi Tables List from RSDT:
1:392  0:000   - [00]: FACP  Notebook len=132
1:392  0:000   - [01]: APIC  Notebook len=114
1:392  0:000   - [02]: FPDT  Notebook len=68
1:392  0:000   - [03]: ECDT  Notebook len=193
1:392  0:000   - [04]: MCFG  Notebook len=60
1:392  0:000   - [05]: HPET  Notebook len=56
1:392  0:000   - [06]: SSDT  AhciTab1 len=1586
1:392  0:000   - [07]: SSDT  AhciTab2 len=1182
1:392  0:000   - [08]: SSDT  Cpu0Ist len=2182
1:392  0:000   - [09]: SSDT  CpuPm len=2840
1:392  0:000  Calibrated TSC Frequency = 1795920334 = 1795MHz
1:392  0:000  === [ GetUserSettings ] ===================================
1:392  0:000  USB FixOwnership: yes
1:392  0:000  Dropping 2 tables:
1:392  0:000   - [00]: Drop table  signature="DMAR" (52414D44)
1:392  0:000           - set table: 52414D44,                0 to drop: no
1:392  0:000   - [01]: Drop table  signature="SSDT" (54445353) table-id="CpuPm" (0000006D50757043)
1:392  0:000           - set table: 54445353,       6D50757043 to drop: yes
1:392  0:000   - final DSDT Fix mask=56C61059
1:392  0:000  PatchesDSDT: 8 requested
1:392  0:000   - [00]: (Rename GFX0 to IGPU) lenToFind: 4, lenToReplace: 4, Target Bridge: <null string>
1:392  0:000   - [01]: (Rename oem _DSM to ZDSM) lenToFind: 4, lenToReplace: 4, Target Bridge: <null string>
1:392  0:000   - [02]: (Rename HECI to IMEI) lenToFind: 4, lenToReplace: 4, Target Bridge: <null string>
1:392  0:000   - [03]: (change EHC1 to EH01) lenToFind: 4, lenToReplace: 4, Target Bridge: <null string>
1:392  0:000   - [04]: (change EHC2 to EH02) lenToFind: 4, lenToReplace: 4, Target Bridge: <null string>
1:392  0:000   - [05]: (Rename XHCI to XHC) lenToFind: 4, lenToReplace: 4, Target Bridge: <null string>
1:392  0:000   - [06]: (change HDAS to HDEF) lenToFind: 4, lenToReplace: 4, Target Bridge: <null string>
1:392  0:000   - [07]: (change AZAL to HDEF) lenToFind: 4, lenToReplace: 4, Target Bridge: <null string>
1:392  0:000  Using ProductName from config: MacBookAir5,2
1:392  0:000  Using latest BiosVersion from clover
1:392  0:000  BiosVersion: MBA51.88Z.F000.B00.1904161912
1:392  0:000  BiosReleaseDate: 04/16/2019
1:392  0:000  Using EfiVersion from clover: 257.0.0.0.0
1:392  0:000  Using FirmwareFeatures from config: 0xE00DE137
1:392  0:000  Using FirmwareFeaturesMask from config: 0xFF1FFF3F
1:392  0:000  Board-ID set from config as Mac-2E6FAB96566FE58C
1:392  0:000  BoardType: 0xA
1:392  0:000  ChassisType: 0xA
1:413  0:020  === [ Found DSDT tables ] =================================
1:433  0:020  - DSDT.AML
1:932  0:499  === [ ScanVolumes ] =======================================
1:932  0:000  Found 9 volumes with blockIO
1:932  0:000  - [00]: Volume: PciRoot(0x0)\Pci(0x1F,0x2)\Sata(0x0,0xFFFF,0x0)
1:936  0:003          Result of bootcode detection: bootable unknown (legacy)
1:936  0:000  - [01]: Volume: PciRoot(0x0)\Pci(0x1F,0x2)\Sata(0x2,0xFFFF,0x0)
1:936  0:000          Found optical drive
1:936  0:000  - [02]: Volume: PciRoot(0x0)\Pci(0x1F,0x2)\Sata(0x0,0xFFFF,0x0)\HD(1,GPT,18F40662-BE08-478A-8C20-90585D366E9D,0x28,0x64000)
1:937  0:000          Result of bootcode detection: bootable unknown (legacy)
2:003  0:065          This is SelfVolume !!
2:003  0:000  - [03]: Volume: PciRoot(0x0)\Pci(0x1F,0x2)\Sata(0x0,0xFFFF,0x0)\HD(2,GPT,9E3BB889-AF60-43DA-826A-4C2B27EB7A94,0x64028,0x12A05530)
2:014  0:011          Result of bootcode detection: bootable unknown (legacy)
2:014  0:000  - [04]: Volume: PciRoot(0x0)\Pci(0x1F,0x2)\Sata(0x0,0xFFFF,0x0)\HD(3,GPT,F5F7590A-EF50-41FF-ACE3-46B5B591C4EE,0x12A69558,0x12985530)
2:035  0:021  - [05]: Volume: PciRoot(0x0)\Pci(0x1F,0x2)\Sata(0x0,0xFFFF,0x0)\HD(2,GPT,9E3BB889-AF60-43DA-826A-4C2B27EB7A94,0x64028,0x12A05530)\VenMedia(BE74FCF7-0B7C-49F3-9147-01F4042E6842,C3CFFEB224B2CE48A2FD55DFB5B6E3D8)
2:036  0:000          hiding this volume
2:036  0:000  - [06]: Volume: PciRoot(0x0)\Pci(0x1F,0x2)\Sata(0x0,0xFFFF,0x0)\HD(2,GPT,9E3BB889-AF60-43DA-826A-4C2B27EB7A94,0x64028,0x12A05530)\VenMedia(BE74FCF7-0B7C-49F3-9147-01F4042E6842,2D14E7EE412FAB49A0BD6176F414D975)
2:036  0:000  - [07]: Volume: PciRoot(0x0)\Pci(0x1F,0x2)\Sata(0x0,0xFFFF,0x0)\HD(2,GPT,9E3BB889-AF60-43DA-826A-4C2B27EB7A94,0x64028,0x12A05530)\VenMedia(BE74FCF7-0B7C-49F3-9147-01F4042E6842,09EB3D8783A27147BA0035158E465DBE)
2:036  0:000  - [08]: Volume: PciRoot(0x0)\Pci(0x1F,0x2)\Sata(0x0,0xFFFF,0x0)\HD(2,GPT,9E3BB889-AF60-43DA-826A-4C2B27EB7A94,0x64028,0x12A05530)\VenMedia(BE74FCF7-0B7C-49F3-9147-01F4042E6842,1DF5C05E1CB8144E9B4C95C525F4E5A6)
2:036  0:000  No AudioIoProtocols, status=Not Found
2:036  0:000  === [ InitTheme ] =========================================
2:036  0:000  use night theme
2:082  0:046  Using theme 'Mojave' (EFI\CLOVER\themes\Mojave)
2:082  0:000  OS main and drive as badge
2:083  0:000  file sound read: sound_night.wav Not Found
2:102  0:019    Channels: 1  Sample rate: 44100 Hz  Bits: 16
2:102  0:000  output to channel 0 with volume 70, len=228736
2:102  0:000   sound channels=1 bits=16 freq=44100
2:102  0:000  not found AudioIo to play
2:102  0:000  free sound
2:102  0:000  sound play end with status=Not Found
2:104  0:002  Loading font from ThemeDir: Success
2:105  0:000  theme inited
2:105  0:000  Chosen theme Mojave
2:105  0:000  found boot-args in NVRAM:, size=1
2:105  0:000  after NVRAM boot-args=-v kext-dev-mode=1 dart=0
2:105  0:000  === [ Dump SMC keys from NVRAM ] ==========================
2:105  0:000  found AppleSMC protocol
2:227  0:121  Registered 17 SMC keys
2:246  0:018  === [ ScanLoader ] ========================================
2:246  0:000  - [02]: 'EFI'
3:368  1:122          AddLoaderEntry for Volume Name=EFI
3:368  0:000          skipped because entry is hidden
3:368  0:000  - [04]: 'Database'
3:430  0:061  - [05]: 'Preboot', hidden
3:430  0:000  - [06]: 'Mojave'
3:779  0:348          AddLoaderEntry for Volume Name=Mojave
3:862  0:082      hibernated: set as never
3:945  0:083  - [07]: 'Recovery'
3:954  0:008          AddLoaderEntry for Volume Name=Recovery
4:141  0:187  - [08]: 'VM'
4:175  0:033  Scanning legacy ...
4:175  0:000  === [ AddCustomTool ] =====================================
4:223  0:048  found tool \EFI\CLOVER\tools\Shell64U.efi
4:223  0:000  Checking EFI partition Volume 2 for Clover
4:223  0:000   Found Clover
4:255  0:031  === [ GetEfiBootDeviceFromNvram ] =========================
4:255  0:000   - efi-boot-device-data: PciRoot(0x0)\Pci(0x1F,0x2)\Sata(0x0,0xFFFF,0x0)\HD(2,GPT,9E3BB889-AF60-43DA-826A-4C2B27EB7A94,0x64028,0x12A05530)\VenMedia(BE74FCF7-0B7C-49F3-9147-01F4042E6842,2D14E7EE412FAB49A0BD6176F414D975)
4:255  0:000    - Volume: 'PciRoot(0x0)\Pci(0x1F,0x2)\Sata(0x0,0xFFFF,0x0)\HD(2,GPT,9E3BB889-AF60-43DA-826A-4C2B27EB7A94,0x64028,0x12A05530)\VenMedia(BE74FCF7-0B7C-49F3-9147-01F4042E6842,2D14E7EE412FAB49A0BD6176F414D975)'
4:255  0:000    - LoaderPath: '<null string>'
4:255  0:000    - Guid = 9E3BB889-AF60-43DA-826A-4C2B27EB7A94
4:255  0:000  === [ FindStartupDiskVolume ] =============================
4:256  0:000    - Volume: partition = PciRoot(0x0)\Pci(0x1F,0x2)\Sata(0x0,0xFFFF,0x0)\HD(2,GPT,9E3BB889-AF60-43DA-826A-4C2B27EB7A94,0x64028,0x12A05530)\VenMedia(BE74FCF7-0B7C-49F3-9147-01F4042E6842,2D14E7EE412FAB49A0BD6176F414D975)
4:256  0:000     - searching for that partition
4:256  0:000      - found entry 0. 'Boot macOS from Mojave', Volume 'Mojave'
4:256  0:000  Boot redirected to Entry 0. 'Boot macOS from Mojave'
4:256  0:000  DefaultIndex=0 and MainMenu.EntryCount=8
5:190  0:934  GUI ready
5:196  0:005  ReinitSelfLib after theme change
5:196  0:000  reinit: self device path=PciRoot(0x0)\Pci(0x1F,0x2)\Sata(0x0,0xFFFF,0x0)\HD(1,GPT,18F40662-BE08-478A-8C20-90585D366E9D,0x28,0x64000)
5:196  0:000  === [ ScanVolumes ] =======================================
5:196  0:000  Found 9 volumes with blockIO
5:196  0:000  - [00]: Volume: PciRoot(0x0)\Pci(0x1F,0x2)\Sata(0x0,0xFFFF,0x0)
5:203  0:006          Result of bootcode detection: bootable unknown (legacy)
5:203  0:000  - [01]: Volume: PciRoot(0x0)\Pci(0x1F,0x2)\Sata(0x2,0xFFFF,0x0)
5:203  0:000          Found optical drive
5:203  0:000  - [02]: Volume: PciRoot(0x0)\Pci(0x1F,0x2)\Sata(0x0,0xFFFF,0x0)\HD(1,GPT,18F40662-BE08-478A-8C20-90585D366E9D,0x28,0x64000)
5:204  0:000          Result of bootcode detection: bootable unknown (legacy)
5:204  0:000          This is SelfVolume !!
5:204  0:000  - [03]: Volume: PciRoot(0x0)\Pci(0x1F,0x2)\Sata(0x0,0xFFFF,0x0)\HD(2,GPT,9E3BB889-AF60-43DA-826A-4C2B27EB7A94,0x64028,0x12A05530)
5:214  0:010          Result of bootcode detection: bootable unknown (legacy)
5:214  0:000  - [04]: Volume: PciRoot(0x0)\Pci(0x1F,0x2)\Sata(0x0,0xFFFF,0x0)\HD(3,GPT,F5F7590A-EF50-41FF-ACE3-46B5B591C4EE,0x12A69558,0x12985530)
5:236  0:021  - [05]: Volume: PciRoot(0x0)\Pci(0x1F,0x2)\Sata(0x0,0xFFFF,0x0)\HD(2,GPT,9E3BB889-AF60-43DA-826A-4C2B27EB7A94,0x64028,0x12A05530)\VenMedia(BE74FCF7-0B7C-49F3-9147-01F4042E6842,C3CFFEB224B2CE48A2FD55DFB5B6E3D8)
5:236  0:000  - [06]: Volume: PciRoot(0x0)\Pci(0x1F,0x2)\Sata(0x0,0xFFFF,0x0)\HD(2,GPT,9E3BB889-AF60-43DA-826A-4C2B27EB7A94,0x64028,0x12A05530)\VenMedia(BE74FCF7-0B7C-49F3-9147-01F4042E6842,2D14E7EE412FAB49A0BD6176F414D975)
5:236  0:000  - [07]: Volume: PciRoot(0x0)\Pci(0x1F,0x2)\Sata(0x0,0xFFFF,0x0)\HD(2,GPT,9E3BB889-AF60-43DA-826A-4C2B27EB7A94,0x64028,0x12A05530)\VenMedia(BE74FCF7-0B7C-49F3-9147-01F4042E6842,09EB3D8783A27147BA0035158E465DBE)
5:236  0:000  - [08]: Volume: PciRoot(0x0)\Pci(0x1F,0x2)\Sata(0x0,0xFFFF,0x0)\HD(2,GPT,9E3BB889-AF60-43DA-826A-4C2B27EB7A94,0x64028,0x12A05530)\VenMedia(BE74FCF7-0B7C-49F3-9147-01F4042E6842,1DF5C05E1CB8144E9B4C95C525F4E5A6)
5:236  0:000  No AudioIoProtocols, status=Not Found
5:236  0:000  theme inited
5:236  0:000  Chosen theme Mojave
5:236  0:000  found boot-args in NVRAM:, size=1
5:236  0:000  after NVRAM boot-args=-v kext-dev-mode=1 dart=0
5:236  0:000  === [ ScanLoader ] ========================================
5:236  0:000  - [02]: 'EFI'
6:302  1:065          AddLoaderEntry for Volume Name=EFI
6:332  0:029  - [04]: 'Database'
6:366  0:034  - [05]: 'Preboot'
6:375  0:009          AddLoaderEntry for Volume Name=Preboot
6:400  0:025      hibernated: set as never
6:505  0:104          AddLoaderEntry for Volume Name=Preboot
6:596  0:091  - [06]: 'Mojave'
6:597  0:000          AddLoaderEntry for Volume Name=Mojave
6:617  0:019      hibernated: set as never
6:741  0:124  - [07]: 'Recovery'
6:741  0:000          AddLoaderEntry for Volume Name=Recovery
6:874  0:133  - [08]: 'VM'
6:908  0:033  Scanning legacy ...
6:908  0:000  === [ AddCustomTool ] =====================================
6:957  0:048  found tool \EFI\CLOVER\tools\Shell64U.efi
6:957  0:000  Checking EFI partition Volume 2 for Clover
6:957  0:000   Found Clover
6:957  0:000  === [ GetEfiBootDeviceFromNvram ] =========================
6:957  0:000  === [ FindStartupDiskVolume ] =============================
6:957  0:000    - Volume: partition = PciRoot(0x0)\Pci(0x1F,0x2)\Sata(0x0,0xFFFF,0x0)\HD(2,GPT,9E3BB889-AF60-43DA-826A-4C2B27EB7A94,0x64028,0x12A05530)\VenMedia(BE74FCF7-0B7C-49F3-9147-01F4042E6842,2D14E7EE412FAB49A0BD6176F414D975)
6:957  0:000     - searching for that partition
6:957  0:000      - found entry 3. 'Boot macOS from Mojave', Volume 'Mojave'
6:957  0:000  Boot redirected to Entry 3. 'Boot macOS from Mojave'
6:957  0:000  DefaultIndex=3 and MainMenu.EntryCount=11
